<?xml version="1.0" encoding="UTF-8"?>
<!-- Generated by org.testng.reporters.JUnitReportReporter -->
<testsuite hostname="DESKTOP-U0VH7U8" failures="0" tests="3" name="customer.test1" time="0.023" errors="0" timestamp="2023-09-04T13:42:58 IST" skipped="0">
  <testcase classname="customer.test1" name="modifycustomer" time="0.010"/>
  <testcase classname="customer.test1" name="createcustomer" time="0.008"/>
  <testcase classname="customer.test1" name="deletecustomer" time="0.005"/>
</testsuite> <!-- customer.test1 -->
